[0.221s] DEBUG:colcon:Command line arguments: ['/usr/bin/colcon', 'build']
[0.222s] DEBUG:colcon:Parsed command line arguments: Namespace(allow_overriding=[], ament_cmake_args=None, base_paths=['.'], build_base='build', catkin_cmake_args=None, catkin_skip_building_tests=False, cmake_args=None, cmake_clean_cache=False, cmake_clean_first=False, cmake_force_configure=False, cmake_target=None, cmake_target_skip_unavailable=False, continue_on_error=False, event_handlers=None, executor='parallel', ignore_user_meta=False, install_base='install', log_base=None, log_level=None, main=<bound method BuildVerb.main of <colcon_core.verb.build.BuildVerb object at 0x7f19eb46fb50>>, merge_install=False, metas=['./colcon.meta'], packages_above=None, packages_above_and_dependencies=None, packages_above_depth=None, packages_end=None, packages_ignore=None, packages_ignore_regex=None, packages_select=None, packages_select_build_failed=False, packages_select_by_dep=None, packages_select_regex=None, packages_select_test_failures=False, packages_skip=None, packages_skip_build_finished=False, packages_skip_by_dep=None, packages_skip_regex=None, packages_skip_test_passed=False, packages_skip_up_to=None, packages_start=None, packages_up_to=None, packages_up_to_regex=None, parallel_workers=16, paths=None, symlink_install=False, test_result_base=None, verb_extension=<colcon_core.verb.build.BuildVerb object at 0x7f19eb46fb50>, verb_name='build', verb_parser=<colcon_defaults.argument_parser.defaults.DefaultArgumentsDecorator object at 0x7f19eb3ff100>)
[0.248s] Level 1:colcon.colcon_core.package_discovery:discover_packages(colcon_meta) check parameters
[0.248s] Level 1:colcon.colcon_core.package_discovery:discover_packages(recursive) check parameters
[0.248s] Level 1:colcon.colcon_core.package_discovery:discover_packages(ignore) check parameters
[0.248s] Level 1:colcon.colcon_core.package_discovery:discover_packages(path) check parameters
[0.248s] Level 1:colcon.colcon_core.package_discovery:discover_packages(colcon_meta) discover
[0.248s] Level 1:colcon.colcon_core.package_discovery:discover_packages(recursive) discover
[0.248s] INFO:colcon.colcon_core.package_discovery:Crawling recursively for packages in '/home/hyunjun/lostchild/src/lidar'
[0.248s] Level 1:colcon.colcon_core.package_identification:_identify(.) by extensions ['ignore', 'ignore_ament_install']
[0.248s] Level 1:colcon.colcon_core.package_identification:_identify(.) by extension 'ignore'
[0.248s] Level 1:colcon.colcon_core.package_identification:_identify(.) by extension 'ignore_ament_install'
[0.248s] Level 1:colcon.colcon_core.package_identification:_identify(.) by extensions ['colcon_pkg']
[0.248s] Level 1:colcon.colcon_core.package_identification:_identify(.) by extension 'colcon_pkg'
[0.248s] Level 1:colcon.colcon_core.package_identification:_identify(.) by extensions ['colcon_meta']
[0.248s] Level 1:colcon.colcon_core.package_identification:_identify(.) by extension 'colcon_meta'
[0.248s] Level 1:colcon.colcon_core.package_identification:_identify(.) by extensions ['ros']
[0.248s] Level 1:colcon.colcon_core.package_identification:_identify(.) by extension 'ros'
[0.257s] DEBUG:colcon.colcon_core.package_identification:Package '.' with type 'ros.ament_python' and name 'lidar'
[0.257s] Level 1:colcon.colcon_core.package_discovery:discover_packages(recursive) using defaults
[0.257s] Level 1:colcon.colcon_core.package_discovery:discover_packages(ignore) discover
[0.257s] Level 1:colcon.colcon_core.package_discovery:discover_packages(ignore) using defaults
[0.257s] Level 1:colcon.colcon_core.package_discovery:discover_packages(path) discover
[0.257s] Level 1:colcon.colcon_core.package_discovery:discover_packages(path) using defaults
[0.273s] Level 1:colcon.colcon_core.package_discovery:discover_packages(prefix_path) check parameters
[0.273s] Level 1:colcon.colcon_core.package_discovery:discover_packages(prefix_path) discover
[0.275s] DEBUG:colcon.colcon_installed_package_information.package_discovery:Found 258 installed packages in /opt/ros/foxy
[0.276s] Level 1:colcon.colcon_core.package_discovery:discover_packages(prefix_path) using defaults
[0.315s] Level 5:colcon.colcon_core.verb:set package 'lidar' build argument 'cmake_args' from command line to 'None'
[0.315s] Level 5:colcon.colcon_core.verb:set package 'lidar' build argument 'cmake_target' from command line to 'None'
[0.315s] Level 5:colcon.colcon_core.verb:set package 'lidar' build argument 'cmake_target_skip_unavailable' from command line to 'False'
[0.315s] Level 5:colcon.colcon_core.verb:set package 'lidar' build argument 'cmake_clean_cache' from command line to 'False'
[0.315s] Level 5:colcon.colcon_core.verb:set package 'lidar' build argument 'cmake_clean_first' from command line to 'False'
[0.315s] Level 5:colcon.colcon_core.verb:set package 'lidar' build argument 'cmake_force_configure' from command line to 'False'
[0.315s] Level 5:colcon.colcon_core.verb:set package 'lidar' build argument 'ament_cmake_args' from command line to 'None'
[0.315s] Level 5:colcon.colcon_core.verb:set package 'lidar' build argument 'catkin_cmake_args' from command line to 'None'
[0.315s] Level 5:colcon.colcon_core.verb:set package 'lidar' build argument 'catkin_skip_building_tests' from command line to 'False'
[0.315s] DEBUG:colcon.colcon_core.verb:Building package 'lidar' with the following arguments: {'ament_cmake_args': None, 'build_base': '/home/hyunjun/lostchild/src/lidar/build/lidar', 'catkin_cmake_args': None, 'catkin_skip_building_tests': False, 'cmake_args': None, 'cmake_clean_cache': False, 'cmake_clean_first': False, 'cmake_force_configure': False, 'cmake_target': None, 'cmake_target_skip_unavailable': False, 'install_base': '/home/hyunjun/lostchild/src/lidar/install/lidar', 'merge_install': False, 'path': '/home/hyunjun/lostchild/src/lidar', 'symlink_install': False, 'test_result_base': None}
[0.316s] INFO:colcon.colcon_core.executor:Executing jobs using 'parallel' executor
[0.320s] DEBUG:colcon.colcon_parallel_executor.executor.parallel:run_until_complete
[0.320s] INFO:colcon.colcon_ros.task.ament_python.build:Building ROS package in '/home/hyunjun/lostchild/src/lidar' with build type 'ament_python'
[0.321s] Level 1:colcon.colcon_core.shell:create_environment_hook('lidar', 'ament_prefix_path')
[0.324s] INFO:colcon.colcon_core.plugin_system:Skipping extension 'colcon_core.shell.bat': Not used on non-Windows systems
[0.324s] INFO:colcon.colcon_core.shell:Creating environment hook '/home/hyunjun/lostchild/src/lidar/install/lidar/share/lidar/hook/ament_prefix_path.ps1'
[0.325s] INFO:colcon.colcon_core.shell:Creating environment descriptor '/home/hyunjun/lostchild/src/lidar/install/lidar/share/lidar/hook/ament_prefix_path.dsv'
[0.325s] INFO:colcon.colcon_core.shell:Creating environment hook '/home/hyunjun/lostchild/src/lidar/install/lidar/share/lidar/hook/ament_prefix_path.sh'
[0.327s] INFO:colcon.colcon_core.shell:Skip shell extension 'powershell' for command environment: Not usable outside of PowerShell
[0.327s] DEBUG:colcon.colcon_core.shell:Skip shell extension 'dsv' for command environment
[0.487s] INFO:colcon.colcon_core.task.python.build:Building Python package in '/home/hyunjun/lostchild/src/lidar'
[0.489s] INFO:colcon.colcon_core.shell:Skip shell extension 'powershell' for command environment: Not usable outside of PowerShell
[0.489s] DEBUG:colcon.colcon_core.shell:Skip shell extension 'dsv' for command environment
[0.744s] DEBUG:colcon.colcon_core.event_handler.log_command:Invoking command in '/home/hyunjun/lostchild/src/lidar': PYTHONPATH=/home/hyunjun/lostchild/src/lidar/build/lidar/prefix_override:/home/hyunjun/lostchild/src/lidar/install/lidar/lib/python3.8/site-packages:${PYTHONPATH} /usr/bin/python3 setup.py egg_info --egg-base build/lidar build --build-base /home/hyunjun/lostchild/src/lidar/build/lidar/build install --record /home/hyunjun/lostchild/src/lidar/build/lidar/install.log --install-scripts $base/lib/lidar --single-version-externally-managed
[0.932s] DEBUG:colcon.colcon_core.event_handler.log_command:Invoked command in '/home/hyunjun/lostchild/src/lidar' returned '0': PYTHONPATH=/home/hyunjun/lostchild/src/lidar/build/lidar/prefix_override:/home/hyunjun/lostchild/src/lidar/install/lidar/lib/python3.8/site-packages:${PYTHONPATH} /usr/bin/python3 setup.py egg_info --egg-base build/lidar build --build-base /home/hyunjun/lostchild/src/lidar/build/lidar/build install --record /home/hyunjun/lostchild/src/lidar/build/lidar/install.log --install-scripts $base/lib/lidar --single-version-externally-managed
[0.936s] Level 1:colcon.colcon_core.environment:checking '/home/hyunjun/lostchild/src/lidar/install/lidar' for CMake module files
[0.936s] Level 1:colcon.colcon_core.environment:checking '/home/hyunjun/lostchild/src/lidar/install/lidar' for CMake config files
[0.936s] Level 1:colcon.colcon_core.environment:checking '/home/hyunjun/lostchild/src/lidar/install/lidar/lib'
[0.937s] Level 1:colcon.colcon_core.environment:checking '/home/hyunjun/lostchild/src/lidar/install/lidar/bin'
[0.937s] Level 1:colcon.colcon_core.environment:checking '/home/hyunjun/lostchild/src/lidar/install/lidar/lib/pkgconfig/lidar.pc'
[0.937s] Level 1:colcon.colcon_core.environment:checking '/home/hyunjun/lostchild/src/lidar/install/lidar/lib/python3.8/site-packages'
[0.937s] Level 1:colcon.colcon_core.shell:create_environment_hook('lidar', 'pythonpath')
[0.938s] INFO:colcon.colcon_core.shell:Creating environment hook '/home/hyunjun/lostchild/src/lidar/install/lidar/share/lidar/hook/pythonpath.ps1'
[0.939s] INFO:colcon.colcon_core.shell:Creating environment descriptor '/home/hyunjun/lostchild/src/lidar/install/lidar/share/lidar/hook/pythonpath.dsv'
[0.939s] INFO:colcon.colcon_core.shell:Creating environment hook '/home/hyunjun/lostchild/src/lidar/install/lidar/share/lidar/hook/pythonpath.sh'
[0.939s] Level 1:colcon.colcon_core.environment:checking '/home/hyunjun/lostchild/src/lidar/install/lidar/bin'
[0.939s] Level 1:colcon.colcon_core.environment:create_environment_scripts_only(lidar)
[0.941s] INFO:colcon.colcon_core.shell:Creating package script '/home/hyunjun/lostchild/src/lidar/install/lidar/share/lidar/package.ps1'
[0.941s] INFO:colcon.colcon_core.shell:Creating package descriptor '/home/hyunjun/lostchild/src/lidar/install/lidar/share/lidar/package.dsv'
[0.942s] INFO:colcon.colcon_core.shell:Creating package script '/home/hyunjun/lostchild/src/lidar/install/lidar/share/lidar/package.sh'
[0.942s] INFO:colcon.colcon_core.shell:Creating package script '/home/hyunjun/lostchild/src/lidar/install/lidar/share/lidar/package.bash'
[0.943s] INFO:colcon.colcon_core.shell:Creating package script '/home/hyunjun/lostchild/src/lidar/install/lidar/share/lidar/package.zsh'
[0.943s] Level 1:colcon.colcon_core.environment:create_file_with_runtime_dependencies(/home/hyunjun/lostchild/src/lidar/install/lidar/share/colcon-core/packages/lidar)
[0.943s] DEBUG:colcon.colcon_parallel_executor.executor.parallel:closing loop
[0.943s] DEBUG:colcon.colcon_parallel_executor.executor.parallel:loop closed
[0.943s] DEBUG:colcon.colcon_parallel_executor.executor.parallel:run_until_complete finished with '0'
[0.943s] DEBUG:colcon.colcon_core.event_reactor:joining thread
[0.947s] INFO:colcon.colcon_core.plugin_system:Skipping extension 'colcon_notification.desktop_notification.terminal_notifier': Not used on non-Darwin systems
[0.947s] INFO:colcon.colcon_core.plugin_system:Skipping extension 'colcon_notification.desktop_notification.win32': Not used on non-Windows systems
[0.947s] INFO:colcon.colcon_notification.desktop_notification:Sending desktop notification using 'notify2'
[0.963s] DEBUG:colcon.colcon_core.event_reactor:joined thread
[0.966s] INFO:colcon.colcon_core.shell:Creating prefix script '/home/hyunjun/lostchild/src/lidar/install/local_setup.ps1'
[0.966s] INFO:colcon.colcon_core.shell:Creating prefix util module '/home/hyunjun/lostchild/src/lidar/install/_local_setup_util_ps1.py'
[0.968s] INFO:colcon.colcon_core.shell:Creating prefix chain script '/home/hyunjun/lostchild/src/lidar/install/setup.ps1'
[0.969s] INFO:colcon.colcon_core.shell:Creating prefix script '/home/hyunjun/lostchild/src/lidar/install/local_setup.sh'
[0.969s] INFO:colcon.colcon_core.shell:Creating prefix util module '/home/hyunjun/lostchild/src/lidar/install/_local_setup_util_sh.py'
[0.970s] INFO:colcon.colcon_core.shell:Creating prefix chain script '/home/hyunjun/lostchild/src/lidar/install/setup.sh'
[0.971s] INFO:colcon.colcon_core.shell:Creating prefix script '/home/hyunjun/lostchild/src/lidar/install/local_setup.bash'
[0.971s] INFO:colcon.colcon_core.shell:Creating prefix chain script '/home/hyunjun/lostchild/src/lidar/install/setup.bash'
[0.973s] INFO:colcon.colcon_core.shell:Creating prefix script '/home/hyunjun/lostchild/src/lidar/install/local_setup.zsh'
[0.973s] INFO:colcon.colcon_core.shell:Creating prefix chain script '/home/hyunjun/lostchild/src/lidar/install/setup.zsh'
